#
# There is insufficient memory for the Java Runtime Environment to continue.
# Native memory allocation (mmap) failed to map 67108864 bytes. Error detail: G1 virtual space
# Possible reasons:
#   The system is out of physical RAM or swap space
#   This process is running with CompressedOops enabled, and the Java Heap may be blocking the growth of the native heap
# Possible solutions:
#   Reduce memory load on the system
#   Increase physical memory or swap space
#   Check if swap backing store is full
#   Decrease Java heap size (-Xmx/-Xms)
#   Decrease number of Java threads
#   Decrease Java thread stack sizes (-Xss)
#   Set larger code cache with -XX:ReservedCodeCacheSize=
#   JVM is running with Unscaled Compressed Oops mode in which the Java heap is
#     placed in the first 4GB address space. The Java Heap base address is the
#     maximum limit for the native heap growth. Please use -XX:HeapBaseMinAddress
#     to set the Java Heap base and to place the Java Heap above 4GB virtual address.
# This output file may be truncated or incomplete.
#
#  Out of Memory Error (os_windows.cpp:3631), pid=32892, tid=32932
#
# JRE version:  (22.0+36) (build )
# Java VM: Java HotSpot(TM) 64-Bit Server VM (22+36-2370, mixed mode, sharing, tiered, compressed oops, compressed class ptrs, g1 gc, windows-amd64)
# No core dump will be written. Minidumps are not enabled by default on client versions of Windows
#

---------------  S U M M A R Y ------------

Command Line: -Dfile.encoding=UTF-8 -Dstdout.encoding=UTF-8 -Dstderr.encoding=UTF-8 --module-path=C:\Users\kiran\eclipse-workspace\jv\JavaBasics\bin -XX:+ShowCodeDetailsInExceptionMessages -Djdk.module.main=JavaBasics JavaBasics/class11.PaySlipDiffEmpCon

Host: Intel(R) Core(TM) i5-8265U CPU @ 1.60GHz, 8 cores, 3G,  Windows 11 , 64 bit Build 22621 (10.0.22621.3958)
Time: Thu Sep  5 14:10:16 2024 Eastern Daylight Time elapsed time: 0.049592 seconds (0d 0h 0m 0s)

---------------  T H R E A D  ---------------

Current thread (0x00000139fb699920):  JavaThread "Unknown thread" [_thread_in_vm, id=32932, stack(0x0000000ab2c00000,0x0000000ab2d00000) (1024K)]

Stack: [0x0000000ab2c00000,0x0000000ab2d00000]
Native frames: (J=compiled Java code, j=interpreted, Vv=VM code, C=native code)
V  [jvm.dll+0x6e2349]  (no source info available)
V  [jvm.dll+0x874ed3]  (no source info available)
V  [jvm.dll+0x8772fe]  (no source info available)
V  [jvm.dll+0x8779d3]  (no source info available)
V  [jvm.dll+0x27fcb6]  (no source info available)
V  [jvm.dll+0x6de9e5]  (no source info available)
V  [jvm.dll+0x6d34ea]  (no source info available)
V  [jvm.dll+0x35892a]  (no source info available)
V  [jvm.dll+0x360e56]  (no source info available)
V  [jvm.dll+0x3b3d7e]  (no source info available)
V  [jvm.dll+0x3b4028]  (no source info available)
V  [jvm.dll+0x32c4ec]  (no source info available)
V  [jvm.dll+0x32d0a8]  (no source info available)
V  [jvm.dll+0x83cd9c]  (no source info available)
V  [jvm.dll+0x3c0cc1]  (no source info available)
V  [jvm.dll+0x825d8c]  (no source info available)
V  [jvm.dll+0x45b9ee]  (no source info available)
V  [jvm.dll+0x45d871]  (no source info available)
C  [jli.dll+0x52a3]  (no source info available)
C  [ucrtbase.dll+0x29333]  (no source info available)
C  [KERNEL32.DLL+0x1257d]  (no source info available)
C  [ntdll.dll+0x5af28]  (no source info available)


---------------  P R O C E S S  ---------------

Threads class SMR info:
_java_thread_list=0x00007ffc44eac1c8, length=0, elements={
}

Java Threads: ( => current thread )
Total: 0

Other Threads:
  0x00000139fb6d2190 WorkerThread "GC Thread#0"                     [id=32936, stack(0x0000000ab2d00000,0x0000000ab2e00000) (1024K)]
  0x00000139fb6ddaf0 ConcurrentGCThread "G1 Main Marker"            [id=32940, stack(0x0000000ab2e00000,0x0000000ab2f00000) (1024K)]
  0x00000139fb6de500 WorkerThread "G1 Conc#0"                       [id=32944, stack(0x0000000ab2f00000,0x0000000ab3000000) (1024K)]

[error occurred during error reporting (printing all threads), id 0xc0000005, EXCEPTION_ACCESS_VIOLATION (0xc0000005) at pc=0x00007ffc445ff2b7]
VM state: not at safepoint (not fully initialized)

VM Mutex/Monitor currently owned by a thread:  ([mutex/lock_event])
[0x00007ffc44f2ccc8] Heap_lock - owner thread: 0x00000139fb699920

Heap address: 0x00000000c1c00000, size: 996 MB, Compressed Oops mode: 32-bit

CDS archive(s) mapped at: [0x0000000000000000-0x0000000000000000-0x0000000000000000), size 0, SharedBaseAddress: 0x0000000800000000, ArchiveRelocationMode: 1.
Narrow klass base: 0x0000000000000000, Narrow klass shift: 0, Narrow klass range: 0x0

GC Precious Log:
 CardTable entry size: 512
 Card Set container configuration: InlinePtr #cards 5 size 8 Array Of Cards #cards 12 size 40 Howl #buckets 4 coarsen threshold 1843 Howl Bitmap #cards 512 size 80 coarsen threshold 460 Card regions per heap region 1 cards per card region 2048

Heap:
 garbage-first heap   total reserved 1019904K, committed 0K, used 0K [0x00000000c1c00000, 0x0000000100000000)
  region size 1024K, 0 young (0K), 0 survivors (0K)

[error occurred during error reporting (printing heap information), id 0xc0000005, EXCEPTION_ACCESS_VIOLATION (0xc0000005) at pc=0x00007ffc449fe4e9]
GC Heap History (0 events):
No events

Dll operation events (1 events):
Event: 0.029 Loaded shared library C:\Program Files\Java\jdk-22\bin\java.dll

Deoptimization events (0 events):
No events

Classes loaded (0 events):
No events

Classes unloaded (0 events):
No events

Classes redefined (0 events):
No events

Internal exceptions (0 events):
No events

ZGC Phase Switch (0 events):
No events

VM Operations (0 events):
No events

Events (0 events):
No events


Dynamic libraries:
0x00007ff71d000000 - 0x00007ff71d010000 	C:\Program Files\Java\jdk-22\bin\javaw.exe
0x00007ffd11dd0000 - 0x00007ffd11fe7000 	C:\WINDOWS\SYSTEM32\ntdll.dll
0x00007ffd11c20000 - 0x00007ffd11ce4000 	C:\WINDOWS\System32\KERNEL32.DLL
0x00007ffd0f2c0000 - 0x00007ffd0f66d000 	C:\WINDOWS\System32\KERNELBASE.dll
0x00007ffd0f730000 - 0x00007ffd0f841000 	C:\WINDOWS\System32\ucrtbase.dll
0x00007ffcd0cd0000 - 0x00007ffcd0ceb000 	C:\Program Files\Java\jdk-22\bin\VCRUNTIME140.dll
0x00007ffcd0cf0000 - 0x00007ffcd0d07000 	C:\Program Files\Java\jdk-22\bin\jli.dll
0x00007ffd11ab0000 - 0x00007ffd11b62000 	C:\WINDOWS\System32\ADVAPI32.dll
0x00007ffd11b70000 - 0x00007ffd11c17000 	C:\WINDOWS\System32\msvcrt.dll
0x00007ffd109c0000 - 0x00007ffd10a69000 	C:\WINDOWS\System32\sechost.dll
0x00007ffd0f8c0000 - 0x00007ffd0f8e8000 	C:\WINDOWS\System32\bcrypt.dll
0x00007ffd11990000 - 0x00007ffd11aa4000 	C:\WINDOWS\System32\RPCRT4.dll
0x00007ffd0ff70000 - 0x00007ffd1011e000 	C:\WINDOWS\System32\USER32.dll
0x00007ffd0f290000 - 0x00007ffd0f2b6000 	C:\WINDOWS\System32\win32u.dll
0x00007ffd10200000 - 0x00007ffd10229000 	C:\WINDOWS\System32\GDI32.dll
0x00007ffd0f170000 - 0x00007ffd0f289000 	C:\WINDOWS\System32\gdi32full.dll
0x00007ffd0f8f0000 - 0x00007ffd0f98a000 	C:\WINDOWS\System32\msvcp_win.dll
0x00007ffd0e2d0000 - 0x00007ffd0e563000 	C:\WINDOWS\WinSxS\amd64_microsoft.windows.common-controls_6595b64144ccf1df_6.0.22621.3672_none_2713b9d173822955\COMCTL32.dll
0x00007ffd0b3b0000 - 0x00007ffd0b3ba000 	C:\WINDOWS\SYSTEM32\VERSION.dll
0x00007ffd0fb00000 - 0x00007ffd0fb31000 	C:\WINDOWS\System32\IMM32.DLL
0x00007ffcd63a0000 - 0x00007ffcd63ac000 	C:\Program Files\Java\jdk-22\bin\vcruntime140_1.dll
0x00007ffcc5c30000 - 0x00007ffcc5cbe000 	C:\Program Files\Java\jdk-22\bin\msvcp140.dll
0x00007ffc442c0000 - 0x00007ffc45008000 	C:\Program Files\Java\jdk-22\bin\server\jvm.dll
0x00007ffd0fb40000 - 0x00007ffd0fbb1000 	C:\WINDOWS\System32\WS2_32.dll
0x00007ffd07b70000 - 0x00007ffd07ba4000 	C:\WINDOWS\SYSTEM32\WINMM.dll
0x00007ffd0efb0000 - 0x00007ffd0effd000 	C:\WINDOWS\SYSTEM32\POWRPROF.dll
0x00007ffd0ef90000 - 0x00007ffd0efa3000 	C:\WINDOWS\SYSTEM32\UMPDC.dll
0x00007ffd0d200000 - 0x00007ffd0d218000 	C:\WINDOWS\SYSTEM32\kernel.appcore.dll
0x00007ffcd0c70000 - 0x00007ffcd0c7a000 	C:\Program Files\Java\jdk-22\bin\jimage.dll
0x00007ffd0e950000 - 0x00007ffd0eb82000 	C:\WINDOWS\SYSTEM32\DBGHELP.DLL
0x00007ffd11600000 - 0x00007ffd1198d000 	C:\WINDOWS\System32\combase.dll
0x00007ffd10120000 - 0x00007ffd101f7000 	C:\WINDOWS\System32\OLEAUT32.dll
0x00007ffd0e840000 - 0x00007ffd0e872000 	C:\WINDOWS\SYSTEM32\dbgcore.DLL
0x00007ffd0f0f0000 - 0x00007ffd0f16b000 	C:\WINDOWS\System32\bcryptPrimitives.dll
0x00007ffcd0c50000 - 0x00007ffcd0c6e000 	C:\Program Files\Java\jdk-22\bin\java.dll
0x00007ffd10a70000 - 0x00007ffd112d8000 	C:\WINDOWS\System32\SHELL32.dll
0x00007ffd112e0000 - 0x00007ffd11485000 	C:\WINDOWS\System32\ole32.dll

dbghelp: loaded successfully - version: 4.0.5 - missing functions: none
symbol engine: initialized successfully - sym options: 0x614 - pdb path: .;C:\Program Files\Java\jdk-22\bin;C:\WINDOWS\SYSTEM32;C:\WINDOWS\WinSxS\amd64_microsoft.windows.common-controls_6595b64144ccf1df_6.0.22621.3672_none_2713b9d173822955;C:\Program Files\Java\jdk-22\bin\server

VM Arguments:
jvm_args: -Dfile.encoding=UTF-8 -Dstdout.encoding=UTF-8 -Dstderr.encoding=UTF-8 --module-path=C:\Users\kiran\eclipse-workspace\jv\JavaBasics\bin -XX:+ShowCodeDetailsInExceptionMessages -Djdk.module.main=JavaBasics 
java_command: JavaBasics/class11.PaySlipDiffEmpCon
java_class_path (initial): <not set>
Launcher Type: SUN_STANDARD

[Global flags]
     intx CICompilerCount                          = 4                                         {product} {ergonomic}
     uint ConcGCThreads                            = 2                                         {product} {ergonomic}
     uint G1ConcRefinementThreads                  = 8                                         {product} {ergonomic}
   size_t G1HeapRegionSize                         = 1048576                                   {product} {ergonomic}
   size_t InitialHeapSize                          = 67108864                                  {product} {ergonomic}
   size_t MarkStackSize                            = 4194304                                   {product} {ergonomic}
   size_t MaxHeapSize                              = 1044381696                                {product} {ergonomic}
   size_t MinHeapDeltaBytes                        = 1048576                                   {product} {ergonomic}
   size_t MinHeapSize                              = 8388608                                   {product} {ergonomic}
    uintx NonNMethodCodeHeapSize                   = 5839372                                {pd product} {ergonomic}
    uintx NonProfiledCodeHeapSize                  = 122909434                              {pd product} {ergonomic}
    uintx ProfiledCodeHeapSize                     = 122909434                              {pd product} {ergonomic}
    uintx ReservedCodeCacheSize                    = 251658240                              {pd product} {ergonomic}
     bool SegmentedCodeCache                       = true                                      {product} {ergonomic}
     bool ShowCodeDetailsInExceptionMessages       = true                                   {manageable} {command line}
   size_t SoftMaxHeapSize                          = 1044381696                             {manageable} {ergonomic}
     bool UseCompressedOops                        = true                           {product lp64_product} {ergonomic}
     bool UseG1GC                                  = true                                      {product} {ergonomic}
     bool UseLargePagesIndividualAllocation        = false                                  {pd product} {ergonomic}

Logging:
Log output configuration:
 #0: stdout all=warning uptime,level,tags foldmultilines=false
 #1: stderr all=off uptime,level,tags foldmultilines=false

Environment Variables:
JAVA_HOME=C:\Program Files\Java\jdk-22
PATH=C:/Program Files/Java/jdk-21/bin/server;C:/Program Files/Java/jdk-21/bin;C:\oraclexe\app\oracle\product\11.2.0\server\bin;;C:\Program Files\Common Files\Oracle\Java\javapath;C:\WINDOWS\system32;C:\WINDOWS;C:\WINDOWS\System32\Wbem;C:\WINDOWS\System32\WindowsPowerShell\v1.0\;C:\WINDOWS\System32\OpenSSH\;C:\Program Files\Java\jdk-21\bin;C:\Program Files\Git\cmd;C:\Program Files\Java\jdk-22\bin;C:\Program Files\HP\HP One Agent;C:\Program Files\MySQL\MySQL Server 8.0\bin;C:\Program Files\MySQL\MySQL Shell 8.0\bin\;C:\Users\kiran\AppData\Local\Microsoft\WindowsApps;C:\Users\kiran\AppData\Local\Programs\Microsoft VS Code\bin;C:\Users\kiran\AppData\Local\JetBrains\IntelliJ IDEA Community Edition 2023.3.5\bin;;C:\Users\kiran\Desktop;
USERNAME=kiran
OS=Windows_NT
PROCESSOR_IDENTIFIER=Intel64 Family 6 Model 142 Stepping 12, GenuineIntel
TMP=C:\Users\kiran\AppData\Local\Temp
TEMP=C:\Users\kiran\AppData\Local\Temp




Periodic native trim disabled

---------------  S Y S T E M  ---------------

OS:
 Windows 11 , 64 bit Build 22621 (10.0.22621.3958)
OS uptime: 0 days 18:56 hours

CPU: total 8 (initial active 8) (4 cores per cpu, 2 threads per core) family 6 model 142 stepping 12 microcode 0xde, cx8, cmov, fxsr, ht, mmx, 3dnowpref, sse, sse2, sse3, ssse3, sse4.1, sse4.2, popcnt, lzcnt, tsc, tscinvbit, avx, avx2, aes, erms, clmul, bmi1, bmi2, adx, fma, vzeroupper, clflush, clflushopt, rdtscp, f16c
Processor Information for all 8 processors :
  Max Mhz: 1800, Current Mhz: 1600, Mhz Limit: 1584

Memory: 4k page, system-wide physical 3982M (403M free)
TotalPageFile size 16270M (AvailPageFile size 25M)
current process WorkingSet (physical memory assigned to process): 11M, peak: 11M
current process commit charge ("private bytes"): 60M, peak: 124M

vm_info: Java HotSpot(TM) 64-Bit Server VM (22+36-2370) for windows-amd64 JRE (22+36-2370), built on 2024-02-15T22:15:19Z by "mach5one" with MS VC++ 17.6 (VS2022)

END.
